debug: Tue, 06 Jul 2021 18:13:29 GMT
debug: Project: C:\Users\qp\test_1
debug: Targets: editor,preview
debug: Incremental file seems great.
debug: Engine path: C:\CocosDashboard_1.0.14\resources\.editors\Creator\3.1.0\resources\resources\3d\engine
debug: Initializing target [Editor]
debug: Loading cache
debug: Loading cache costs 2.2269999980926514ms.
debug: Engine features shipped in editor: base,gfx-webgl,gfx-webgl2,3d,2d,ui,particle,particle-2d,physics-framework,physics-2d-framework,intersection-2d,primitive,profiler,audio,video,terrain,webview,tween,tiled-map,spine,dragon-bones
debug: Initializing target [Preview]
debug: Loading cache
debug: Loading cache costs 2.630200982093811ms.
debug: Sync engine features: base,gfx-webgl,gfx-webgl2,3d,2d,ui,particle,physics-ammo,physics-2d-box2d,intersection-2d,primitive,profiler,particle-2d,audio,video,webview,tween,terrain,tiled-map,spine,dragon-bones
debug: Pulling asset-db.
debug: Fetch asset-db cost: 22.152400016784668ms.
debug: Build iteration starts.
Number of accumulated asset changes: 2
Feature changed: false
debug: Target(editor) build started.
debug: Detected change: cce:/internal/x/cc. Last mtime: Thu Jan 01 1970 06:00:20 GMT+0600 (Узбекистан, стандартное время), Current mtime: Thu Jan 01 1970 06:00:12 GMT+0600 (Узбекистан, стандартное время)
debug: Inspect cce:/internal/x/cc
debug: Resolve cce:/internal/x/cc-fu/base from cce:/internal/x/cc as external dependency cce:/internal/x/cc-fu/base.
debug: Resolve cce:/internal/x/cc-fu/gfx-webgl from cce:/internal/x/cc as external dependency cce:/internal/x/cc-fu/gfx-webgl.
debug: Resolve cce:/internal/x/cc-fu/gfx-webgl2 from cce:/internal/x/cc as external dependency cce:/internal/x/cc-fu/gfx-webgl2.
debug: Resolve cce:/internal/x/cc-fu/3d from cce:/internal/x/cc as external dependency cce:/internal/x/cc-fu/3d.
debug: Resolve cce:/internal/x/cc-fu/2d from cce:/internal/x/cc as external dependency cce:/internal/x/cc-fu/2d.
debug: Resolve cce:/internal/x/cc-fu/ui from cce:/internal/x/cc as external dependency cce:/internal/x/cc-fu/ui.
debug: Resolve cce:/internal/x/cc-fu/particle from cce:/internal/x/cc as external dependency cce:/internal/x/cc-fu/particle.
debug: Resolve cce:/internal/x/cc-fu/particle-2d from cce:/internal/x/cc as external dependency cce:/internal/x/cc-fu/particle-2d.
debug: Resolve cce:/internal/x/cc-fu/physics-framework from cce:/internal/x/cc as external dependency cce:/internal/x/cc-fu/physics-framework.
debug: Resolve cce:/internal/x/cc-fu/physics-2d-framework from cce:/internal/x/cc as external dependency cce:/internal/x/cc-fu/physics-2d-framework.
debug: Resolve cce:/internal/x/cc-fu/intersection-2d from cce:/internal/x/cc as external dependency cce:/internal/x/cc-fu/intersection-2d.
debug: Resolve cce:/internal/x/cc-fu/primitive from cce:/internal/x/cc as external dependency cce:/internal/x/cc-fu/primitive.
debug: Resolve cce:/internal/x/cc-fu/profiler from cce:/internal/x/cc as external dependency cce:/internal/x/cc-fu/profiler.
debug: Resolve cce:/internal/x/cc-fu/audio from cce:/internal/x/cc as external dependency cce:/internal/x/cc-fu/audio.
debug: Resolve cce:/internal/x/cc-fu/video from cce:/internal/x/cc as external dependency cce:/internal/x/cc-fu/video.
debug: Resolve cce:/internal/x/cc-fu/terrain from cce:/internal/x/cc as external dependency cce:/internal/x/cc-fu/terrain.
debug: Resolve cce:/internal/x/cc-fu/webview from cce:/internal/x/cc as external dependency cce:/internal/x/cc-fu/webview.
debug: Resolve cce:/internal/x/cc-fu/tween from cce:/internal/x/cc as external dependency cce:/internal/x/cc-fu/tween.
debug: Resolve cce:/internal/x/cc-fu/tiled-map from cce:/internal/x/cc as external dependency cce:/internal/x/cc-fu/tiled-map.
debug: Resolve cce:/internal/x/cc-fu/spine from cce:/internal/x/cc as external dependency cce:/internal/x/cc-fu/spine.
debug: Resolve cce:/internal/x/cc-fu/dragon-bones from cce:/internal/x/cc as external dependency cce:/internal/x/cc-fu/dragon-bones.
debug: Detected change: cce:/internal/x/prerequisite-imports. Last mtime: Thu Jan 01 1970 07:17:53 GMT+0600 (Узбекистан, стандартное время), Current mtime: Thu Jan 01 1970 06:00:26 GMT+0600 (Узбекистан, стандартное время)
debug: Inspect cce:/internal/x/prerequisite-imports
debug: Resolve file:///C:/Users/qp/test_1/assets/character/player.ts from cce:/internal/x/prerequisite-imports as file:///C:/Users/qp/test_1/assets/character/player.ts.
debug: Resolve file:///C:/Users/qp/test_1/assets/star/star.ts from cce:/internal/x/prerequisite-imports as file:///C:/Users/qp/test_1/assets/star/star.ts.
debug: Target(editor) ends with cost 171.18850100040436ms.
debug: Target(preview) build started.
debug: Detected change: cce:/internal/x/cc. Last mtime: Thu Jan 01 1970 06:00:20 GMT+0600 (Узбекистан, стандартное время), Current mtime: Thu Jan 01 1970 06:00:12 GMT+0600 (Узбекистан, стандартное время)
debug: Inspect cce:/internal/x/cc
debug: Resolve cce:/internal/x/cc-fu/base from cce:/internal/x/cc as external dependency cce:/internal/x/cc-fu/base.
debug: Resolve cce:/internal/x/cc-fu/gfx-webgl from cce:/internal/x/cc as external dependency cce:/internal/x/cc-fu/gfx-webgl.
debug: Resolve cce:/internal/x/cc-fu/gfx-webgl2 from cce:/internal/x/cc as external dependency cce:/internal/x/cc-fu/gfx-webgl2.
debug: Resolve cce:/internal/x/cc-fu/3d from cce:/internal/x/cc as external dependency cce:/internal/x/cc-fu/3d.
debug: Resolve cce:/internal/x/cc-fu/2d from cce:/internal/x/cc as external dependency cce:/internal/x/cc-fu/2d.
debug: Resolve cce:/internal/x/cc-fu/ui from cce:/internal/x/cc as external dependency cce:/internal/x/cc-fu/ui.
debug: Resolve cce:/internal/x/cc-fu/particle from cce:/internal/x/cc as external dependency cce:/internal/x/cc-fu/particle.
debug: Resolve cce:/internal/x/cc-fu/physics-ammo from cce:/internal/x/cc as external dependency cce:/internal/x/cc-fu/physics-ammo.
debug: Resolve cce:/internal/x/cc-fu/physics-framework from cce:/internal/x/cc as external dependency cce:/internal/x/cc-fu/physics-framework.
debug: Resolve cce:/internal/x/cc-fu/wait-for-ammo-instantiation from cce:/internal/x/cc as external dependency cce:/internal/x/cc-fu/wait-for-ammo-instantiation.
debug: Resolve cce:/internal/x/cc-fu/physics-2d-box2d from cce:/internal/x/cc as external dependency cce:/internal/x/cc-fu/physics-2d-box2d.
debug: Resolve cce:/internal/x/cc-fu/physics-2d-framework from cce:/internal/x/cc as external dependency cce:/internal/x/cc-fu/physics-2d-framework.
debug: Resolve cce:/internal/x/cc-fu/intersection-2d from cce:/internal/x/cc as external dependency cce:/internal/x/cc-fu/intersection-2d.
debug: Resolve cce:/internal/x/cc-fu/primitive from cce:/internal/x/cc as external dependency cce:/internal/x/cc-fu/primitive.
debug: Resolve cce:/internal/x/cc-fu/profiler from cce:/internal/x/cc as external dependency cce:/internal/x/cc-fu/profiler.
debug: Resolve cce:/internal/x/cc-fu/particle-2d from cce:/internal/x/cc as external dependency cce:/internal/x/cc-fu/particle-2d.
debug: Resolve cce:/internal/x/cc-fu/audio from cce:/internal/x/cc as external dependency cce:/internal/x/cc-fu/audio.
debug: Resolve cce:/internal/x/cc-fu/video from cce:/internal/x/cc as external dependency cce:/internal/x/cc-fu/video.
debug: Resolve cce:/internal/x/cc-fu/webview from cce:/internal/x/cc as external dependency cce:/internal/x/cc-fu/webview.
debug: Resolve cce:/internal/x/cc-fu/tween from cce:/internal/x/cc as external dependency cce:/internal/x/cc-fu/tween.
debug: Resolve cce:/internal/x/cc-fu/terrain from cce:/internal/x/cc as external dependency cce:/internal/x/cc-fu/terrain.
debug: Resolve cce:/internal/x/cc-fu/tiled-map from cce:/internal/x/cc as external dependency cce:/internal/x/cc-fu/tiled-map.
debug: Resolve cce:/internal/x/cc-fu/spine from cce:/internal/x/cc as external dependency cce:/internal/x/cc-fu/spine.
debug: Resolve cce:/internal/x/cc-fu/dragon-bones from cce:/internal/x/cc as external dependency cce:/internal/x/cc-fu/dragon-bones.
debug: Detected change: cce:/internal/x/prerequisite-imports. Last mtime: Thu Jan 01 1970 07:17:53 GMT+0600 (Узбекистан, стандартное время), Current mtime: Thu Jan 01 1970 06:00:26 GMT+0600 (Узбекистан, стандартное время)
debug: Inspect cce:/internal/x/prerequisite-imports
debug: Resolve file:///C:/Users/qp/test_1/assets/character/player.ts from cce:/internal/x/prerequisite-imports as file:///C:/Users/qp/test_1/assets/character/player.ts.
debug: Resolve file:///C:/Users/qp/test_1/assets/star/star.ts from cce:/internal/x/prerequisite-imports as file:///C:/Users/qp/test_1/assets/star/star.ts.
debug: Target(preview) ends with cost 158.96719896793365ms.
debug: Dispatch build request for time accumulated 1 asset changes.
debug: Build iteration starts.
Number of accumulated asset changes: 1
Feature changed: false
debug: Target(editor) build started.
debug: Detected change: cce:/internal/x/prerequisite-imports. Last mtime: Thu Jan 01 1970 06:00:26 GMT+0600 (Узбекистан, стандартное время), Current mtime: Thu Jan 01 1970 06:01:10 GMT+0600 (Узбекистан, стандартное время)
debug: Inspect cce:/internal/x/prerequisite-imports
debug: Resolve file:///C:/Users/qp/test_1/assets/character/player.ts from cce:/internal/x/prerequisite-imports as file:///C:/Users/qp/test_1/assets/character/player.ts.
debug: Resolve file:///C:/Users/qp/test_1/assets/star/star.ts from cce:/internal/x/prerequisite-imports as file:///C:/Users/qp/test_1/assets/star/star.ts.
debug: Detected change: file:///C:/Users/qp/test_1/assets/character/player.ts. Last mtime: Tue Jul 06 2021 23:10:00 GMT+0500 (Узбекистан, стандартное время), Current mtime: Tue Jul 06 2021 23:14:18 GMT+0500 (Узбекистан, стандартное время)
debug: Inspect file:///C:/Users/qp/test_1/assets/character/player.ts
debug: Resolve cc from file:///C:/Users/qp/test_1/assets/character/player.ts as cce:/internal/x/cc.
debug: Resolve cc from file:///C:/Users/qp/test_1/assets/character/player.ts as cce:/internal/x/cc.
debug: Target(editor) ends with cost 711.0748000144958ms.
debug: Target(preview) build started.
debug: Detected change: cce:/internal/x/prerequisite-imports. Last mtime: Thu Jan 01 1970 06:00:26 GMT+0600 (Узбекистан, стандартное время), Current mtime: Thu Jan 01 1970 06:01:11 GMT+0600 (Узбекистан, стандартное время)
debug: Inspect cce:/internal/x/prerequisite-imports
debug: Resolve file:///C:/Users/qp/test_1/assets/character/player.ts from cce:/internal/x/prerequisite-imports as file:///C:/Users/qp/test_1/assets/character/player.ts.
debug: Resolve file:///C:/Users/qp/test_1/assets/star/star.ts from cce:/internal/x/prerequisite-imports as file:///C:/Users/qp/test_1/assets/star/star.ts.
debug: Detected change: file:///C:/Users/qp/test_1/assets/character/player.ts. Last mtime: Tue Jul 06 2021 23:10:00 GMT+0500 (Узбекистан, стандартное время), Current mtime: Tue Jul 06 2021 23:14:18 GMT+0500 (Узбекистан, стандартное время)
debug: Inspect file:///C:/Users/qp/test_1/assets/character/player.ts
debug: Resolve cc from file:///C:/Users/qp/test_1/assets/character/player.ts as cce:/internal/x/cc.
debug: Resolve cc from file:///C:/Users/qp/test_1/assets/character/player.ts as cce:/internal/x/cc.
debug: Target(preview) ends with cost 362.44749999046326ms.
